<?xml version="1.0" encoding="UTF-8"?>
<TestRun id="2570b425-898e-4ace-975f-c3656f509958" name="VHO70@VHO70-PC 2014-07-14 15:48:16" runUser="VHO70-PC\VHO70" xmlns="http://microsoft.com/schemas/VisualStudio/TeamTest/2010">
  <TestSettings name="Local" id="dc9b6197-fafc-4636-8edd-39f55c260251">
    <Description>These are default test settings for a local test run.</Description>
    <Deployment enabled="false" runDeploymentRoot="VHO70_VHO70-PC 2014-07-14 15_48_16">
      <DeploymentItem filename="C:\Work\Airstrip\Airstrip.Simulator\Airstrip.Simulator.Scenarios.GroceryStore\bin\Debug\Airstrip.Simulator.Scenarios.GroceryStore.dll" />
      <DeploymentItem filename="C:\Work\Airstrip\Airstrip.Simulator\Airstrip.Simulator.Core\bin\Debug\Airstrip.Simulator.Core.dll" />
      <DeploymentItem filename="C:\Work\Airstrip\Airstrip.Simulator\Airstrip.Simulator.Scenarios.GroceryStore.DataLayer\bin\Debug\Airstrip.Simulator.Scenarios.GroceryStore.DataLayer.dll" />
    </Deployment>
    <Execution>
      <TestTypeSpecific />
      <AgentRule name="Execution Agents">
      </AgentRule>
    </Execution>
  </TestSettings>
  <Times creation="2014-07-14T15:48:16.8841592-07:00" queuing="2014-07-14T15:48:16.8841592-07:00" start="2014-07-14T15:48:16.8841592-07:00" finish="2014-07-14T15:48:17.6082006-07:00" />
  <ResultSummary outcome="Error">
    <Counters total="1" error="0" failed="0" timeout="0" aborted="0" inconclusive="0" passedButRunAborted="0" notRunnable="0" notExecuted="1" disconnected="0" warning="0" passed="0" completed="0" inProgress="0" pending="0" />
    <RunInfos>
      <RunInfo computerName="VHO70-PC" outcome="Error" timestamp="2014-07-14T15:48:17.5831991-07:00">
        <Text>Failed to queue test run 'VHO70@VHO70-PC 2014-07-14 15:48:16': Method not found: 'Microsoft.VisualStudio.TestTools.Common.AssemblyClrVersion Microsoft.VisualStudio.TestTools.Execution.HostProcessPlatformHelper.get_CurrentClrVersion()'.</Text>
        <Exception>System.MissingMethodException: Method not found: 'Microsoft.VisualStudio.TestTools.Common.AssemblyClrVersion Microsoft.VisualStudio.TestTools.Execution.HostProcessPlatformHelper.get_CurrentClrVersion()'.
   at Microsoft.VisualStudio.TestTools.Agent.AgentProcessManager..ctor(DataCollectionEnvironmentContext dataCollectionEnvironmentContext, IDeploymentManager deploymentManager, ProcessStrategy processStrategy, AgentStatusAggregator agentStatusAggregator)
   at Microsoft.VisualStudio.TestTools.Agent.AgentProcessManager..ctor(DataCollectionEnvironmentContext dataCollectionEnvironmentContext)
   at Microsoft.VisualStudio.TestTools.TestManagement.LocalControllerProxy.StartProcess(TestRun run)
   at Microsoft.VisualStudio.TestTools.TestManagement.LocalControllerProxy.PrepareProcess(TestRun run)
   at Microsoft.VisualStudio.TestTools.TestManagement.LocalControllerProxy.InitializeController(TestRun run)
   at Microsoft.VisualStudio.TestTools.TestManagement.ControllerProxy.QueueTestRunWorker(Object state)</Exception>
      </RunInfo>
    </RunInfos>
  </ResultSummary>
  <TestDefinitions>
    <UnitTest name="TestMethod1" storage="c:\work\airstrip\airstrip.simulator\airstrip.simulator.unittests\bin\debug\airstrip.simulator.unittests.dll" id="256bfeb0-50a7-6f83-41fd-55e9513c3f64">
      <TestMethod codeBase="C:/Work/Airstrip/Airstrip.Simulator/Airstrip.Simulator.UnitTests/bin/Debug/Airstrip.Simulator.UnitTests.DLL" adapterTypeName="Microsoft.VisualStudio.TestTools.TestTypes.Unit.UnitTestAdapter, Microsoft.VisualStudio.QualityTools.Tips.UnitTest.Adapter, Version=10.0.0.0, Culture=neutral, PublicKeyToken=b03f5f7f11d50a3a" className="Airstrip.Simulator.UnitTests.GroceryStore.XTests, Airstrip.Simulator.UnitTests, Version=1.0.0.0, Culture=neutral, PublicKeyToken=null" name="TestMethod1" />
    </UnitTest>
  </TestDefinitions>
  <TestLists>
    <TestList name="Results Not in a List" id="8c84fa94-04c1-424b-9868-57a2d4851a1d" />
    <TestList name="All Loaded Results" id="19431567-8539-422a-85d7-44ee4e166bda" />
  </TestLists>
  <TestEntries>
    <TestEntry testId="256bfeb0-50a7-6f83-41fd-55e9513c3f64" executionId="81a8daae-54ff-4b0a-9c3b-6b79bb515282" testListId="8c84fa94-04c1-424b-9868-57a2d4851a1d" />
  </TestEntries>
  <Results>
    <UnitTestResult executionId="81a8daae-54ff-4b0a-9c3b-6b79bb515282" testId="256bfeb0-50a7-6f83-41fd-55e9513c3f64" testName="TestMethod1" computerName="VHO70-PC" testType="13cdc9d9-ddb5-4fa4-a97d-d965ccfc6d4b" outcome="NotExecuted" testListId="8c84fa94-04c1-424b-9868-57a2d4851a1d" relativeResultsDirectory="81a8daae-54ff-4b0a-9c3b-6b79bb515282">
    </UnitTestResult>
  </Results>
</TestRun>