<?xml version="1.0" encoding="UTF-8"?>
<TestRun id="b6e9a05c-a818-49fa-bbe3-f339a949cb00" name="VHO70@VHO70-PC 2014-07-14 20:03:06" runUser="VHO70-PC\VHO70" xmlns="http://microsoft.com/schemas/VisualStudio/TeamTest/2010">
  <TestSettings name="Local" id="dc9b6197-fafc-4636-8edd-39f55c260251">
    <Description>These are default test settings for a local test run.</Description>
    <Deployment enabled="false" runDeploymentRoot="VHO70_VHO70-PC 2014-07-14 20_03_06">
      <DeploymentItem filename="C:\Work\Airstrip\Airstrip.Simulator\Airstrip.Simulator.Scenarios.GroceryStore\bin\Debug\Airstrip.Simulator.Scenarios.GroceryStore.dll" />
      <DeploymentItem filename="C:\Work\Airstrip\Airstrip.Simulator\Airstrip.Simulator.Core\bin\Debug\Airstrip.Simulator.Core.dll" />
      <DeploymentItem filename="C:\Work\Airstrip\Airstrip.Simulator\packages\Moq.4.2.1402.2112\lib\net40\Moq.dll" />
      <DeploymentItem filename="C:\Work\Airstrip\Airstrip.Simulator\Airstrip.Simulator.Scenarios.GroceryStore.DataLayer\bin\Debug\Airstrip.Simulator.Scenarios.GroceryStore.DataLayer.dll" />
    </Deployment>
    <Execution>
      <TestTypeSpecific />
      <AgentRule name="Execution Agents">
      </AgentRule>
    </Execution>
  </TestSettings>
  <Times creation="2014-07-14T20:03:06.4760810-07:00" queuing="2014-07-14T20:03:08.3981910-07:00" start="2014-07-14T20:03:08.5321986-07:00" finish="2014-07-14T20:04:32.5310031-07:00" />
  <ResultSummary outcome="Error">
    <Counters total="1" executed="1" error="0" failed="0" timeout="0" aborted="1" inconclusive="0" passedButRunAborted="0" notRunnable="0" notExecuted="0" disconnected="0" warning="0" passed="0" completed="0" inProgress="0" pending="0" />
    <RunInfos>
      <RunInfo computerName="VHO70-PC" outcome="Error" timestamp="2014-07-14T20:04:32.5310031-07:00">
        <Text>Test host process exited unexpectedly.</Text>
      </RunInfo>
    </RunInfos>
  </ResultSummary>
  <TestDefinitions>
    <UnitTest name="A_DiffLineLengths" storage="c:\work\airstrip\airstrip.simulator\airstrip.simulator.unittests\bin\debug\airstrip.simulator.unittests.dll" id="222cea5c-019b-2648-1adb-34bfcdbfbf17">
      <Execution id="2877db9b-0506-4106-94d9-a2bb0e828f12" />
      <TestMethod codeBase="C:/Work/Airstrip/Airstrip.Simulator/Airstrip.Simulator.UnitTests/bin/Debug/Airstrip.Simulator.UnitTests.DLL" adapterTypeName="Microsoft.VisualStudio.TestTools.TestTypes.Unit.UnitTestAdapter, Microsoft.VisualStudio.QualityTools.Tips.UnitTest.Adapter, Version=10.0.0.0, Culture=neutral, PublicKeyToken=b03f5f7f11d50a3a" className="Airstrip.Simulator.UnitTests.GroceryStore.CustomerLineChoiceTests, Airstrip.Simulator.UnitTests, Version=1.0.0.0, Culture=neutral, PublicKeyToken=null" name="A_DiffLineLengths" />
    </UnitTest>
  </TestDefinitions>
  <TestLists>
    <TestList name="Results Not in a List" id="8c84fa94-04c1-424b-9868-57a2d4851a1d" />
    <TestList name="All Loaded Results" id="19431567-8539-422a-85d7-44ee4e166bda" />
  </TestLists>
  <TestEntries>
    <TestEntry testId="222cea5c-019b-2648-1adb-34bfcdbfbf17" executionId="2877db9b-0506-4106-94d9-a2bb0e828f12" testListId="8c84fa94-04c1-424b-9868-57a2d4851a1d" />
  </TestEntries>
  <Results>
    <UnitTestResult executionId="2877db9b-0506-4106-94d9-a2bb0e828f12" testId="222cea5c-019b-2648-1adb-34bfcdbfbf17" testName="A_DiffLineLengths" computerName="VHO70-PC" duration="00:01:23.8317949" startTime="2014-07-14T20:03:08.6992082-07:00" endTime="2014-07-14T20:04:32.5310031-07:00" testType="13cdc9d9-ddb5-4fa4-a97d-d965ccfc6d4b" outcome="Aborted" testListId="8c84fa94-04c1-424b-9868-57a2d4851a1d" relativeResultsDirectory="2877db9b-0506-4106-94d9-a2bb0e828f12">
    </UnitTestResult>
  </Results>
</TestRun>