<?xml version="1.0" encoding="UTF-8"?>
<TestRun id="eed18b57-243d-4868-9372-7f988245b31a" name="VHO70@VHO70-PC 2014-07-14 19:49:50" runUser="VHO70-PC\VHO70" xmlns="http://microsoft.com/schemas/VisualStudio/TeamTest/2010">
  <TestSettings name="Local" id="dc9b6197-fafc-4636-8edd-39f55c260251">
    <Description>These are default test settings for a local test run.</Description>
    <Deployment userDeploymentRoot="C:\Work\Airstrip\Airstrip.Simulator\TestResults" useDefaultDeploymentRoot="false" enabled="false" runDeploymentRoot="VHO70_VHO70-PC 2014-07-14 19_49_50">
      <DeploymentItem filename="C:\Work\Airstrip\Airstrip.Simulator\Airstrip.Simulator.Scenarios.GroceryStore\bin\Debug\Airstrip.Simulator.Scenarios.GroceryStore.dll" />
      <DeploymentItem filename="C:\Work\Airstrip\Airstrip.Simulator\Airstrip.Simulator.Core\bin\Debug\Airstrip.Simulator.Core.dll" />
      <DeploymentItem filename="C:\Work\Airstrip\Airstrip.Simulator\packages\Moq.4.2.1402.2112\lib\net40\Moq.dll" />
      <DeploymentItem filename="C:\Work\Airstrip\Airstrip.Simulator\Airstrip.Simulator.Scenarios.GroceryStore.DataLayer\bin\Debug\Airstrip.Simulator.Scenarios.GroceryStore.DataLayer.dll" />
    </Deployment>
    <Execution>
      <TestTypeSpecific />
      <AgentRule name="Execution Agents">
      </AgentRule>
    </Execution>
  </TestSettings>
  <Times creation="2014-07-14T19:49:50.5595572-07:00" queuing="2014-07-14T19:49:52.5966737-07:00" start="2014-07-14T19:49:52.8046856-07:00" finish="2014-07-14T19:52:45.2395483-07:00" />
  <ResultSummary outcome="Error">
    <Counters total="1" executed="1" error="0" failed="0" timeout="0" aborted="1" inconclusive="0" passedButRunAborted="0" notRunnable="0" notExecuted="0" disconnected="0" warning="0" passed="0" completed="0" inProgress="0" pending="0" />
    <RunInfos>
      <RunInfo computerName="VHO70-PC" outcome="Error" timestamp="2014-07-14T19:52:45.2385483-07:00">
        <Text>Test host process exited unexpectedly.</Text>
      </RunInfo>
    </RunInfos>
  </ResultSummary>
  <TestDefinitions>
    <UnitTest name="A_DiffLineLengths" storage="c:\work\airstrip\airstrip.simulator\airstrip.simulator.unittests\bin\debug\airstrip.simulator.unittests.dll" id="222cea5c-019b-2648-1adb-34bfcdbfbf17">
      <Execution id="b8d1d5af-5306-4ea3-825a-65d45bc85fe5" />
      <TestMethod codeBase="C:/Work/Airstrip/Airstrip.Simulator/Airstrip.Simulator.UnitTests/bin/Debug/Airstrip.Simulator.UnitTests.DLL" adapterTypeName="Microsoft.VisualStudio.TestTools.TestTypes.Unit.UnitTestAdapter, Microsoft.VisualStudio.QualityTools.Tips.UnitTest.Adapter, Version=10.0.0.0, Culture=neutral, PublicKeyToken=b03f5f7f11d50a3a" className="Airstrip.Simulator.UnitTests.GroceryStore.CustomerLineChoiceTests, Airstrip.Simulator.UnitTests, Version=1.0.0.0, Culture=neutral, PublicKeyToken=null" name="A_DiffLineLengths" />
    </UnitTest>
  </TestDefinitions>
  <TestLists>
    <TestList name="Results Not in a List" id="8c84fa94-04c1-424b-9868-57a2d4851a1d" />
    <TestList name="All Loaded Results" id="19431567-8539-422a-85d7-44ee4e166bda" />
  </TestLists>
  <TestEntries>
    <TestEntry testId="222cea5c-019b-2648-1adb-34bfcdbfbf17" executionId="b8d1d5af-5306-4ea3-825a-65d45bc85fe5" testListId="8c84fa94-04c1-424b-9868-57a2d4851a1d" />
  </TestEntries>
  <Results>
    <UnitTestResult executionId="b8d1d5af-5306-4ea3-825a-65d45bc85fe5" testId="222cea5c-019b-2648-1adb-34bfcdbfbf17" testName="A_DiffLineLengths" computerName="VHO70-PC" duration="00:02:52.2858541" startTime="2014-07-14T19:49:52.9536942-07:00" endTime="2014-07-14T19:52:45.2395483-07:00" testType="13cdc9d9-ddb5-4fa4-a97d-d965ccfc6d4b" outcome="Aborted" testListId="8c84fa94-04c1-424b-9868-57a2d4851a1d" relativeResultsDirectory="b8d1d5af-5306-4ea3-825a-65d45bc85fe5">
    </UnitTestResult>
  </Results>
</TestRun>