<?xml version="1.0" encoding="UTF-8"?>
<TestRun id="1fc01dbf-d5be-4476-a2fc-8f5d1a11e9a6" name="VHO70@VHO70-PC 2014-07-14 18:46:26" runUser="VHO70-PC\VHO70" xmlns="http://microsoft.com/schemas/VisualStudio/TeamTest/2010">
  <TestSettings name="Local" id="dc9b6197-fafc-4636-8edd-39f55c260251">
    <Description>These are default test settings for a local test run.</Description>
    <Deployment enabled="false" runDeploymentRoot="VHO70_VHO70-PC 2014-07-14 18_46_26">
      <DeploymentItem filename="C:\Work\Airstrip\Airstrip.Simulator\Airstrip.Simulator.Scenarios.GroceryStore\bin\Debug\Airstrip.Simulator.Scenarios.GroceryStore.dll" />
      <DeploymentItem filename="C:\Work\Airstrip\Airstrip.Simulator\Airstrip.Simulator.Core\bin\Debug\Airstrip.Simulator.Core.dll" />
      <DeploymentItem filename="C:\Work\Airstrip\Airstrip.Simulator\packages\Moq.4.2.1402.2112\lib\net40\Moq.dll" />
      <DeploymentItem filename="C:\Work\Airstrip\Airstrip.Simulator\Airstrip.Simulator.Scenarios.GroceryStore.DataLayer\bin\Debug\Airstrip.Simulator.Scenarios.GroceryStore.DataLayer.dll" />
    </Deployment>
    <Execution>
      <TestTypeSpecific />
      <AgentRule name="Execution Agents">
      </AgentRule>
    </Execution>
  </TestSettings>
  <Times creation="2014-07-14T18:46:26.8920236-07:00" queuing="2014-07-14T18:46:29.0641478-07:00" start="2014-07-14T18:46:29.2591589-07:00" finish="2014-07-14T18:46:31.4122821-07:00" />
  <ResultSummary outcome="Completed">
    <Counters total="1" executed="1" passed="1" error="0" failed="0" timeout="0" aborted="0" inconclusive="0" passedButRunAborted="0" notRunnable="0" notExecuted="0" disconnected="0" warning="0" completed="0" inProgress="0" pending="0" />
  </ResultSummary>
  <TestDefinitions>
    <UnitTest name="TestMethod1" storage="c:\work\airstrip\airstrip.simulator\airstrip.simulator.unittests\bin\debug\airstrip.simulator.unittests.dll" id="256bfeb0-50a7-6f83-41fd-55e9513c3f64">
      <Execution id="597d523c-86e4-4c6d-b378-d4e6c368ec96" />
      <TestMethod codeBase="C:/Work/Airstrip/Airstrip.Simulator/Airstrip.Simulator.UnitTests/bin/Debug/Airstrip.Simulator.UnitTests.DLL" adapterTypeName="Microsoft.VisualStudio.TestTools.TestTypes.Unit.UnitTestAdapter, Microsoft.VisualStudio.QualityTools.Tips.UnitTest.Adapter, Version=10.0.0.0, Culture=neutral, PublicKeyToken=b03f5f7f11d50a3a" className="Airstrip.Simulator.UnitTests.GroceryStore.XTests, Airstrip.Simulator.UnitTests, Version=1.0.0.0, Culture=neutral, PublicKeyToken=null" name="TestMethod1" />
    </UnitTest>
  </TestDefinitions>
  <TestLists>
    <TestList name="Results Not in a List" id="8c84fa94-04c1-424b-9868-57a2d4851a1d" />
    <TestList name="All Loaded Results" id="19431567-8539-422a-85d7-44ee4e166bda" />
  </TestLists>
  <TestEntries>
    <TestEntry testId="256bfeb0-50a7-6f83-41fd-55e9513c3f64" executionId="597d523c-86e4-4c6d-b378-d4e6c368ec96" testListId="8c84fa94-04c1-424b-9868-57a2d4851a1d" />
  </TestEntries>
  <Results>
    <UnitTestResult executionId="597d523c-86e4-4c6d-b378-d4e6c368ec96" testId="256bfeb0-50a7-6f83-41fd-55e9513c3f64" testName="TestMethod1" computerName="VHO70-PC" duration="00:00:00.0101681" startTime="2014-07-14T18:46:29.4241684-07:00" endTime="2014-07-14T18:46:31.2522729-07:00" testType="13cdc9d9-ddb5-4fa4-a97d-d965ccfc6d4b" outcome="Passed" testListId="8c84fa94-04c1-424b-9868-57a2d4851a1d" relativeResultsDirectory="597d523c-86e4-4c6d-b378-d4e6c368ec96">
    </UnitTestResult>
  </Results>
</TestRun>